[DEBUG] [2016-10-25 22:03:55]:[current_tag is              128, current_tag with valid bit is            32896, masked current_tag is              128
[DEBUG] [2016-10-25 22:03:55]:[current_tag is            18247, current_tag with valid bit is            51015, masked current_tag is            18247
[DEBUG] [2016-10-25 22:03:55]:[current_tag is                0, current_tag with valid bit is            32768, masked current_tag is                0
[DEBUG] [2016-10-25 22:03:55]:[current_tag is                0, current_tag with valid bit is            32768, masked current_tag is                0
[DEBUG] [2016-10-25 22:03:55]:[current_tag is                0, current_tag with valid bit is            32768, masked current_tag is                0
[DEBUG] [2016-10-25 22:03:55]:[current_tag is            18247, current_tag with valid bit is            51015, masked current_tag is            18247
[DEBUG] [2016-10-25 22:03:55]:[current_tag is                0, current_tag with valid bit is            32768, masked current_tag is                0
[DEBUG] [2016-10-25 22:03:55]:[current_tag is                0, current_tag with valid bit is            32768, masked current_tag is                0
[DEBUG] [2016-10-25 22:03:55]:[current_tag is                0, current_tag with valid bit is            32768, masked current_tag is                0
[DEBUG] [2016-10-25 22:03:55]:[current_tag is                0, current_tag with valid bit is            32768, masked current_tag is                0
[DEBUG] [2016-10-25 22:03:55]:[current_tag is                0, current_tag with valid bit is            32768, masked current_tag is                0
[DEBUG] [2016-10-25 22:03:55]:[current_tag is            18247, current_tag with valid bit is            51015, masked current_tag is            18247
[DEBUG] [2016-10-25 22:03:55]:[current_tag is                0, current_tag with valid bit is            32768, masked current_tag is                0
[DEBUG] [2016-10-25 22:03:55]:[current_tag is                0, current_tag with valid bit is            32768, masked current_tag is                0
[DEBUG] [2016-10-25 22:03:55]:[current_tag is                0, current_tag with valid bit is            32768, masked current_tag is                0
[DEBUG] [2016-10-25 22:03:55]:[current_tag is                0, current_tag with valid bit is            32768, masked current_tag is                0
[DEBUG] [2016-10-25 22:03:55]:[current_tag is            18247, current_tag with valid bit is            51015, masked current_tag is            18247
[DEBUG] [2016-10-25 22:03:55]:[current_tag is                0, current_tag with valid bit is            32768, masked current_tag is                0
[DEBUG] [2016-10-25 22:03:55]:[current_tag is                0, current_tag with valid bit is            32768, masked current_tag is                0
[DEBUG] [2016-10-25 22:03:55]:[current_tag is                0, current_tag with valid bit is            32768, masked current_tag is                0
[DEBUG] [2016-10-25 22:03:55]:[current_tag is                0, current_tag with valid bit is            32768, masked current_tag is                0
[DEBUG] [2016-10-25 22:03:55]:[current_tag is                0, current_tag with valid bit is            32768, masked current_tag is                0
[DEBUG] [2016-10-25 22:03:55]:[current_tag is                0, current_tag with valid bit is            32768, masked current_tag is                0
[DEBUG] [2016-10-25 22:03:55]:[current_tag is                0, current_tag with valid bit is            32768, masked current_tag is                0
[DEBUG] [2016-10-25 22:03:55]:[current_tag is                0, current_tag with valid bit is            32768, masked current_tag is                0
[DEBUG] [2016-10-25 22:03:55]:[current_tag is            18247, current_tag with valid bit is            51015, masked current_tag is            18247
[DEBUG] [2016-10-25 22:03:55]:[current_tag is              128, current_tag with valid bit is            32896, masked current_tag is              128
[DEBUG] [2016-10-25 22:03:55]:[current_tag is                0, current_tag with valid bit is            32768, masked current_tag is                0
[DEBUG] [2016-10-25 22:03:55]:[current_tag is                0, current_tag with valid bit is            32768, masked current_tag is                0
[DEBUG] [2016-10-25 22:03:55]:[current_tag is              128, current_tag with valid bit is            32896, masked current_tag is              128
[DEBUG] [2016-10-25 22:03:55]:[current_tag is                0, current_tag with valid bit is            32768, masked current_tag is                0
[DEBUG] [2016-10-25 22:03:55]:[current_tag is                0, current_tag with valid bit is            32768, masked current_tag is                0
[DEBUG] [2016-10-25 22:03:55]:[current_tag is                0, current_tag with valid bit is            32768, masked current_tag is                0
[DEBUG] [2016-10-25 22:03:55]:[current_tag is                0, current_tag with valid bit is            32768, masked current_tag is                0
[DEBUG] [2016-10-25 22:03:55]:[current_tag is                0, current_tag with valid bit is            32768, masked current_tag is                0
[DEBUG] [2016-10-25 22:03:55]:[current_tag is              128, current_tag with valid bit is            32896, masked current_tag is              128
[DEBUG] [2016-10-25 22:03:55]:[current_tag is                0, current_tag with valid bit is            32768, masked current_tag is                0
[DEBUG] [2016-10-25 22:03:55]:[current_tag is                0, current_tag with valid bit is            32768, masked current_tag is                0
[DEBUG] [2016-10-25 22:03:55]:[current_tag is                0, current_tag with valid bit is            32768, masked current_tag is                0
[DEBUG] [2016-10-25 22:03:55]:[current_tag is                0, current_tag with valid bit is            32768, masked current_tag is                0
[DEBUG] [2016-10-25 22:03:55]:[current_tag is                0, current_tag with valid bit is            32768, masked current_tag is                0
[DEBUG] [2016-10-25 22:03:55]:[current_tag is              128, current_tag with valid bit is            32896, masked current_tag is              128
[DEBUG] [2016-10-25 22:03:55]:[current_tag is                0, current_tag with valid bit is            32768, masked current_tag is                0
[DEBUG] [2016-10-25 22:03:55]:[current_tag is                0, current_tag with valid bit is            32768, masked current_tag is                0
[DEBUG] [2016-10-25 22:03:55]:[current_tag is                0, current_tag with valid bit is            32768, masked current_tag is                0
[DEBUG] [2016-10-25 22:03:55]:[current_tag is                0, current_tag with valid bit is            32768, masked current_tag is                0
[DEBUG] [2016-10-25 22:03:55]:[current_tag is              128, current_tag with valid bit is            32896, masked current_tag is              128
[DEBUG] [2016-10-25 22:03:55]:[current_tag is            18247, current_tag with valid bit is            51015, masked current_tag is            18247
[DEBUG] [2016-10-25 22:03:55]:[current_tag is                0, current_tag with valid bit is            32768, masked current_tag is                0
[DEBUG] [2016-10-25 22:03:55]:[current_tag is                0, current_tag with valid bit is            32768, masked current_tag is                0
[DEBUG] [2016-10-25 22:03:55]:[current_tag is                0, current_tag with valid bit is            32768, masked current_tag is                0
[DEBUG] [2016-10-25 22:03:55]:[current_tag is                0, current_tag with valid bit is            32768, masked current_tag is                0
[DEBUG] [2016-10-25 22:03:55]:[current_tag is                0, current_tag with valid bit is            32768, masked current_tag is                0
[DEBUG] [2016-10-25 22:03:55]:[current_tag is            18247, current_tag with valid bit is            51015, masked current_tag is            18247
[DEBUG] [2016-10-25 22:03:55]:[current_tag is              128, current_tag with valid bit is            32896, masked current_tag is              128
[DEBUG] [2016-10-25 22:03:55]:[current_tag is                0, current_tag with valid bit is            32768, masked current_tag is                0
[DEBUG] [2016-10-25 22:03:55]:[current_tag is                0, current_tag with valid bit is            32768, masked current_tag is                0
[DEBUG] [2016-10-25 22:03:55]:[current_tag is                0, current_tag with valid bit is            32768, masked current_tag is                0
[DEBUG] [2016-10-25 22:03:55]:[current_tag is                0, current_tag with valid bit is            32768, masked current_tag is                0
[DEBUG] [2016-10-25 22:03:55]:[current_tag is                0, current_tag with valid bit is            32768, masked current_tag is                0
[DEBUG] [2016-10-25 22:03:55]:[current_tag is              128, current_tag with valid bit is            32896, masked current_tag is              128
[DEBUG] [2016-10-25 22:03:55]:[current_tag is                0, current_tag with valid bit is            32768, masked current_tag is                0
[DEBUG] [2016-10-25 22:03:55]:[current_tag is                0, current_tag with valid bit is            32768, masked current_tag is                0
[DEBUG] [2016-10-25 22:03:55]:[current_tag is                0, current_tag with valid bit is            32768, masked current_tag is                0
[DEBUG] [2016-10-25 22:03:55]:[current_tag is                0, current_tag with valid bit is            32768, masked current_tag is                0
[DEBUG] [2016-10-25 22:03:55]:[current_tag is                0, current_tag with valid bit is            32768, masked current_tag is                0
[DEBUG] [2016-10-25 22:03:55]:[current_tag is              128, current_tag with valid bit is            32896, masked current_tag is              128
[DEBUG] [2016-10-25 22:03:55]:[current_tag is                0, current_tag with valid bit is            32768, masked current_tag is                0
[DEBUG] [2016-10-25 22:03:55]:[current_tag is                0, current_tag with valid bit is            32768, masked current_tag is                0
[DEBUG] [2016-10-25 22:03:55]:[current_tag is              128, current_tag with valid bit is            32896, masked current_tag is              128
[DEBUG] [2016-10-25 22:03:55]:[current_tag is                0, current_tag with valid bit is            32768, masked current_tag is                0
[DEBUG] [2016-10-25 22:03:55]:[current_tag is                0, current_tag with valid bit is            32768, masked current_tag is                0
[DEBUG] [2016-10-25 22:03:55]:[current_tag is                0, current_tag with valid bit is            32768, masked current_tag is                0
[DEBUG] [2016-10-25 22:03:55]:[current_tag is                0, current_tag with valid bit is            32768, masked current_tag is                0
[DEBUG] [2016-10-25 22:03:55]:[current_tag is                0, current_tag with valid bit is            32768, masked current_tag is                0
[DEBUG] [2016-10-25 22:03:55]:[current_tag is                0, current_tag with valid bit is            32768, masked current_tag is                0
[DEBUG] [2016-10-25 22:03:55]:[current_tag is                0, current_tag with valid bit is            32768, masked current_tag is                0
[DEBUG] [2016-10-25 22:03:55]:[current_tag is                0, current_tag with valid bit is            32768, masked current_tag is                0
[DEBUG] [2016-10-25 22:03:55]:[current_tag is              128, current_tag with valid bit is            32896, masked current_tag is              128
[DEBUG] [2016-10-25 22:03:55]:[current_tag is                0, current_tag with valid bit is            32768, masked current_tag is                0
[DEBUG] [2016-10-25 22:03:55]:[current_tag is                0, current_tag with valid bit is            32768, masked current_tag is                0
[DEBUG] [2016-10-25 22:03:55]:[current_tag is                0, current_tag with valid bit is            32768, masked current_tag is                0
[DEBUG] [2016-10-25 22:03:55]:[current_tag is                0, current_tag with valid bit is            32768, masked current_tag is                0
[DEBUG] [2016-10-25 22:03:55]:[current_tag is                0, current_tag with valid bit is            32768, masked current_tag is                0
[DEBUG] [2016-10-25 22:03:55]:[current_tag is              128, current_tag with valid bit is            32896, masked current_tag is              128
[DEBUG] [2016-10-25 22:03:55]:[current_tag is            18247, current_tag with valid bit is            51015, masked current_tag is            18247
[DEBUG] [2016-10-25 22:03:55]:[current_tag is                0, current_tag with valid bit is            32768, masked current_tag is                0
[DEBUG] [2016-10-25 22:03:55]:[current_tag is                0, current_tag with valid bit is            32768, masked current_tag is                0
[DEBUG] [2016-10-25 22:03:55]:[current_tag is            18247, current_tag with valid bit is            51015, masked current_tag is            18247
[DEBUG] [2016-10-25 22:03:55]:[current_tag is                0, current_tag with valid bit is            32768, masked current_tag is                0
[DEBUG] [2016-10-25 22:03:55]:[current_tag is                0, current_tag with valid bit is            32768, masked current_tag is                0
[DEBUG] [2016-10-25 22:03:55]:[current_tag is                0, current_tag with valid bit is            32768, masked current_tag is                0
[DEBUG] [2016-10-25 22:03:55]:[current_tag is                0, current_tag with valid bit is            32768, masked current_tag is                0
[DEBUG] [2016-10-25 22:03:55]:[current_tag is                0, current_tag with valid bit is            32768, masked current_tag is                0
[DEBUG] [2016-10-25 22:03:55]:[current_tag is                0, current_tag with valid bit is            32768, masked current_tag is                0
[DEBUG] [2016-10-25 22:03:55]:[current_tag is            18247, current_tag with valid bit is            51015, masked current_tag is            18247
[DEBUG] [2016-10-25 22:03:55]:[current_tag is              128, current_tag with valid bit is            32896, masked current_tag is              128
[DEBUG] [2016-10-25 22:03:55]:[current_tag is                0, current_tag with valid bit is            32768, masked current_tag is                0
[DEBUG] [2016-10-25 22:03:55]:[current_tag is                0, current_tag with valid bit is            32768, masked current_tag is                0
[DEBUG] [2016-10-25 22:03:55]:[current_tag is              128, current_tag with valid bit is            32896, masked current_tag is              128
[DEBUG] [2016-10-25 22:03:55]:[current_tag is                0, current_tag with valid bit is            32768, masked current_tag is                0
[DEBUG] [2016-10-25 22:03:55]:[current_tag is                0, current_tag with valid bit is            32768, masked current_tag is                0
[DEBUG] [2016-10-25 22:03:55]:[current_tag is                0, current_tag with valid bit is            32768, masked current_tag is                0
[DEBUG] [2016-10-25 22:03:55]:[current_tag is                0, current_tag with valid bit is            32768, masked current_tag is                0
[DEBUG] [2016-10-25 22:03:55]:[current_tag is                0, current_tag with valid bit is            32768, masked current_tag is                0
[DEBUG] [2016-10-25 22:03:55]:[current_tag is              128, current_tag with valid bit is            32896, masked current_tag is              128
[DEBUG] [2016-10-25 22:03:55]:[current_tag is                0, current_tag with valid bit is            32768, masked current_tag is                0
[DEBUG] [2016-10-25 22:03:55]:[current_tag is                0, current_tag with valid bit is            32768, masked current_tag is                0
[DEBUG] [2016-10-25 22:03:55]:[current_tag is                0, current_tag with valid bit is            32768, masked current_tag is                0
[DEBUG] [2016-10-25 22:03:55]:[current_tag is              128, current_tag with valid bit is            32896, masked current_tag is              128
[DEBUG] [2016-10-25 22:03:55]:[current_tag is                0, current_tag with valid bit is            32768, masked current_tag is                0
[DEBUG] [2016-10-25 22:03:55]:[current_tag is                0, current_tag with valid bit is            32768, masked current_tag is                0
[DEBUG] [2016-10-25 22:03:55]:[current_tag is              128, current_tag with valid bit is            32896, masked current_tag is              128
[DEBUG] [2016-10-25 22:03:55]:[current_tag is                0, current_tag with valid bit is            32768, masked current_tag is                0
[DEBUG] [2016-10-25 22:03:55]:[current_tag is                0, current_tag with valid bit is            32768, masked current_tag is                0
[DEBUG] [2016-10-25 22:03:55]:[current_tag is                0, current_tag with valid bit is            32768, masked current_tag is                0
[DEBUG] [2016-10-25 22:03:55]:[current_tag is                0, current_tag with valid bit is            32768, masked current_tag is                0
[DEBUG] [2016-10-25 22:03:55]:[current_tag is                0, current_tag with valid bit is            32768, masked current_tag is                0
[DEBUG] [2016-10-25 22:03:55]:[current_tag is                0, current_tag with valid bit is            32768, masked current_tag is                0
[DEBUG] [2016-10-25 22:03:55]:[current_tag is              128, current_tag with valid bit is            32896, masked current_tag is              128
[DEBUG] [2016-10-25 22:03:55]:[current_tag is                0, current_tag with valid bit is            32768, masked current_tag is                0
[DEBUG] [2016-10-25 22:03:55]:[current_tag is                0, current_tag with valid bit is            32768, masked current_tag is                0
[DEBUG] [2016-10-25 22:03:55]:[current_tag is                0, current_tag with valid bit is            32768, masked current_tag is                0
[DEBUG] [2016-10-25 22:03:55]:[current_tag is                0, current_tag with valid bit is            32768, masked current_tag is                0
[DEBUG] [2016-10-25 22:03:55]:[current_tag is                0, current_tag with valid bit is            32768, masked current_tag is                0
[DEBUG] [2016-10-25 22:03:55]:[current_tag is                0, current_tag with valid bit is            32768, masked current_tag is                0
[DEBUG] [2016-10-25 22:03:55]:[current_tag is                0, current_tag with valid bit is            32768, masked current_tag is                0
[DEBUG] [2016-10-25 22:03:55]:[current_tag is                0, current_tag with valid bit is            32768, masked current_tag is                0
[DEBUG] [2016-10-25 22:03:55]:[librekv_cuckoo_put(): no more space to put new key -- undoing cuckooing
[DEBUG] [2016-10-25 22:03:55]:[restoring victim (index 0 tag 32768)
[DEBUG] [2016-10-25 22:03:55]:[restoring victim (index 0 tag 32768)
[DEBUG] [2016-10-25 22:03:55]:[restoring victim (index 0 tag 32768)
[DEBUG] [2016-10-25 22:03:55]:[restoring victim (index 0 tag 32768)
[DEBUG] [2016-10-25 22:03:55]:[restoring victim (index 0 tag 32768)
[DEBUG] [2016-10-25 22:03:55]:[restoring victim (index 0 tag 32768)
[DEBUG] [2016-10-25 22:03:55]:[restoring victim (index 0 tag 32768)
[DEBUG] [2016-10-25 22:03:55]:[restoring victim (index 0 tag 32768)
[DEBUG] [2016-10-25 22:03:55]:[restoring victim (index 0 tag 32896)
[DEBUG] [2016-10-25 22:03:55]:[restoring victim (index 128 tag 32768)
[DEBUG] [2016-10-25 22:03:55]:[restoring victim (index 0 tag 32768)
[DEBUG] [2016-10-25 22:03:55]:[restoring victim (index 0 tag 32768)
[DEBUG] [2016-10-25 22:03:55]:[restoring victim (index 0 tag 32768)
[DEBUG] [2016-10-25 22:03:55]:[restoring victim (index 0 tag 32768)
[DEBUG] [2016-10-25 22:03:55]:[restoring victim (index 0 tag 32768)
[DEBUG] [2016-10-25 22:03:55]:[restoring victim (index 0 tag 32896)
[DEBUG] [2016-10-25 22:03:55]:[restoring victim (index 128 tag 32768)
[DEBUG] [2016-10-25 22:03:55]:[restoring victim (index 0 tag 32768)
[DEBUG] [2016-10-25 22:03:55]:[restoring victim (index 0 tag 32896)
[DEBUG] [2016-10-25 22:03:55]:[restoring victim (index 128 tag 32768)
[DEBUG] [2016-10-25 22:03:55]:[restoring victim (index 0 tag 32768)
[DEBUG] [2016-10-25 22:03:55]:[restoring victim (index 0 tag 32768)
[DEBUG] [2016-10-25 22:03:55]:[restoring victim (index 0 tag 32896)
[DEBUG] [2016-10-25 22:03:55]:[restoring victim (index 128 tag 32768)
[DEBUG] [2016-10-25 22:03:55]:[restoring victim (index 0 tag 32768)
[DEBUG] [2016-10-25 22:03:55]:[restoring victim (index 0 tag 32768)
[DEBUG] [2016-10-25 22:03:55]:[restoring victim (index 0 tag 32768)
[DEBUG] [2016-10-25 22:03:55]:[restoring victim (index 0 tag 32768)
[DEBUG] [2016-10-25 22:03:55]:[restoring victim (index 0 tag 32896)
[DEBUG] [2016-10-25 22:03:55]:[restoring victim (index 128 tag 32768)
[DEBUG] [2016-10-25 22:03:55]:[restoring victim (index 0 tag 32768)
[DEBUG] [2016-10-25 22:03:55]:[restoring victim (index 0 tag 32896)
[DEBUG] [2016-10-25 22:03:55]:[restoring victim (index 128 tag 51015)
[DEBUG] [2016-10-25 22:03:55]:[restoring victim (index 18247 tag 32768)
[DEBUG] [2016-10-25 22:03:55]:[restoring victim (index 0 tag 32768)
[DEBUG] [2016-10-25 22:03:55]:[restoring victim (index 0 tag 32768)
[DEBUG] [2016-10-25 22:03:55]:[restoring victim (index 0 tag 32768)
[DEBUG] [2016-10-25 22:03:55]:[restoring victim (index 0 tag 32768)
[DEBUG] [2016-10-25 22:03:55]:[restoring victim (index 0 tag 32768)
[DEBUG] [2016-10-25 22:03:55]:[restoring victim (index 0 tag 51015)
[DEBUG] [2016-10-25 22:03:55]:[restoring victim (index 18247 tag 32768)
[DEBUG] [2016-10-25 22:03:55]:[restoring victim (index 0 tag 32768)
[DEBUG] [2016-10-25 22:03:55]:[restoring victim (index 0 tag 51015)
[DEBUG] [2016-10-25 22:03:55]:[restoring victim (index 18247 tag 32896)
[DEBUG] [2016-10-25 22:03:55]:[restoring victim (index 128 tag 32768)
[DEBUG] [2016-10-25 22:03:55]:[restoring victim (index 0 tag 32768)
[DEBUG] [2016-10-25 22:03:55]:[restoring victim (index 0 tag 32768)
[DEBUG] [2016-10-25 22:03:55]:[restoring victim (index 0 tag 32768)
[DEBUG] [2016-10-25 22:03:55]:[restoring victim (index 0 tag 32768)
[DEBUG] [2016-10-25 22:03:55]:[restoring victim (index 0 tag 32896)
[DEBUG] [2016-10-25 22:03:55]:[restoring victim (index 128 tag 32768)
[DEBUG] [2016-10-25 22:03:55]:[restoring victim (index 0 tag 32768)
[DEBUG] [2016-10-25 22:03:55]:[restoring victim (index 0 tag 32768)
[DEBUG] [2016-10-25 22:03:55]:[restoring victim (index 0 tag 32768)
[DEBUG] [2016-10-25 22:03:55]:[restoring victim (index 0 tag 32768)
[DEBUG] [2016-10-25 22:03:55]:[restoring victim (index 0 tag 32768)
[DEBUG] [2016-10-25 22:03:55]:[restoring victim (index 0 tag 32768)
[DEBUG] [2016-10-25 22:03:55]:[restoring victim (index 0 tag 32768)
[DEBUG] [2016-10-25 22:03:55]:[restoring victim (index 0 tag 32896)
[DEBUG] [2016-10-25 22:03:55]:[restoring victim (index 128 tag 32768)
[DEBUG] [2016-10-25 22:03:55]:[restoring victim (index 0 tag 32768)
[DEBUG] [2016-10-25 22:03:55]:[restoring victim (index 0 tag 32896)
[DEBUG] [2016-10-25 22:03:55]:[restoring victim (index 128 tag 32768)
[DEBUG] [2016-10-25 22:03:55]:[restoring victim (index 0 tag 32768)
[DEBUG] [2016-10-25 22:03:55]:[restoring victim (index 0 tag 32768)
[DEBUG] [2016-10-25 22:03:55]:[restoring victim (index 0 tag 32768)
[DEBUG] [2016-10-25 22:03:55]:[restoring victim (index 0 tag 32768)
[DEBUG] [2016-10-25 22:03:55]:[restoring victim (index 0 tag 32896)
[DEBUG] [2016-10-25 22:03:55]:[restoring victim (index 128 tag 32768)
[DEBUG] [2016-10-25 22:03:55]:[restoring victim (index 0 tag 32768)
[DEBUG] [2016-10-25 22:03:55]:[restoring victim (index 0 tag 32768)
[DEBUG] [2016-10-25 22:03:55]:[restoring victim (index 0 tag 32768)
[DEBUG] [2016-10-25 22:03:55]:[restoring victim (index 0 tag 32768)
[DEBUG] [2016-10-25 22:03:55]:[restoring victim (index 0 tag 32896)
[DEBUG] [2016-10-25 22:03:55]:[restoring victim (index 128 tag 51015)
[DEBUG] [2016-10-25 22:03:55]:[restoring victim (index 18247 tag 32768)
[DEBUG] [2016-10-25 22:03:55]:[restoring victim (index 0 tag 32768)
[DEBUG] [2016-10-25 22:03:55]:[restoring victim (index 0 tag 32768)
[DEBUG] [2016-10-25 22:03:55]:[restoring victim (index 0 tag 32768)
[DEBUG] [2016-10-25 22:03:55]:[restoring victim (index 0 tag 32768)
[DEBUG] [2016-10-25 22:03:55]:[restoring victim (index 0 tag 51015)
[DEBUG] [2016-10-25 22:03:55]:[restoring victim (index 18247 tag 32896)
[DEBUG] [2016-10-25 22:03:55]:[restoring victim (index 128 tag 32768)
[DEBUG] [2016-10-25 22:03:55]:[restoring victim (index 0 tag 32768)
[DEBUG] [2016-10-25 22:03:55]:[restoring victim (index 0 tag 32768)
[DEBUG] [2016-10-25 22:03:55]:[restoring victim (index 0 tag 32768)
[DEBUG] [2016-10-25 22:03:55]:[restoring victim (index 0 tag 32896)
[DEBUG] [2016-10-25 22:03:55]:[restoring victim (index 128 tag 32768)
[DEBUG] [2016-10-25 22:03:55]:[restoring victim (index 0 tag 32768)
[DEBUG] [2016-10-25 22:03:55]:[restoring victim (index 0 tag 32768)
[DEBUG] [2016-10-25 22:03:55]:[restoring victim (index 0 tag 32768)
[DEBUG] [2016-10-25 22:03:55]:[restoring victim (index 0 tag 32768)
[DEBUG] [2016-10-25 22:03:55]:[restoring victim (index 0 tag 32896)
[DEBUG] [2016-10-25 22:03:55]:[restoring victim (index 128 tag 32768)
[DEBUG] [2016-10-25 22:03:55]:[restoring victim (index 0 tag 32768)
[DEBUG] [2016-10-25 22:03:55]:[restoring victim (index 0 tag 32768)
[DEBUG] [2016-10-25 22:03:55]:[restoring victim (index 0 tag 32768)
[DEBUG] [2016-10-25 22:03:55]:[restoring victim (index 0 tag 32768)
[DEBUG] [2016-10-25 22:03:55]:[restoring victim (index 0 tag 32896)
[DEBUG] [2016-10-25 22:03:55]:[restoring victim (index 128 tag 32768)
[DEBUG] [2016-10-25 22:03:55]:[restoring victim (index 0 tag 32768)
[DEBUG] [2016-10-25 22:03:55]:[restoring victim (index 0 tag 32896)
[DEBUG] [2016-10-25 22:03:55]:[restoring victim (index 128 tag 51015)
[DEBUG] [2016-10-25 22:03:55]:[restoring victim (index 18247 tag 32768)
[DEBUG] [2016-10-25 22:03:55]:[restoring victim (index 0 tag 32768)
[DEBUG] [2016-10-25 22:03:55]:[restoring victim (index 0 tag 32768)
[DEBUG] [2016-10-25 22:03:55]:[restoring victim (index 0 tag 32768)
[DEBUG] [2016-10-25 22:03:55]:[restoring victim (index 0 tag 32768)
[DEBUG] [2016-10-25 22:03:55]:[restoring victim (index 0 tag 32768)
[DEBUG] [2016-10-25 22:03:55]:[restoring victim (index 0 tag 32768)
[DEBUG] [2016-10-25 22:03:55]:[restoring victim (index 0 tag 32768)
[DEBUG] [2016-10-25 22:03:55]:[restoring victim (index 0 tag 51015)
[DEBUG] [2016-10-25 22:03:55]:[restoring victim (index 18247 tag 32768)
[DEBUG] [2016-10-25 22:03:55]:[restoring victim (index 0 tag 32768)
[DEBUG] [2016-10-25 22:03:55]:[restoring victim (index 0 tag 32768)
[DEBUG] [2016-10-25 22:03:55]:[restoring victim (index 0 tag 32768)
[DEBUG] [2016-10-25 22:03:55]:[restoring victim (index 0 tag 51015)
[DEBUG] [2016-10-25 22:03:55]:[restoring victim (index 18247 tag 32768)
[DEBUG] [2016-10-25 22:03:55]:[restoring victim (index 0 tag 32768)
[DEBUG] [2016-10-25 22:03:55]:[restoring victim (index 0 tag 32768)
[DEBUG] [2016-10-25 22:03:55]:[restoring victim (index 0 tag 32768)
[DEBUG] [2016-10-25 22:03:55]:[restoring victim (index 0 tag 32768)
[DEBUG] [2016-10-25 22:03:55]:[restoring victim (index 0 tag 51015)
[DEBUG] [2016-10-25 22:03:55]:[restoring victim (index 18247 tag 32768)
[DEBUG] [2016-10-25 22:03:55]:[restoring victim (index 0 tag 32768)
[DEBUG] [2016-10-25 22:03:55]:[restoring victim (index 0 tag 32768)
[DEBUG] [2016-10-25 22:03:55]:[restoring victim (index 0 tag 51015)
[DEBUG] [2016-10-25 22:03:55]:[restoring victim (index 18247 tag 32896)
[DEBUG] [2016-10-25 22:03:55]:[librekv_cuckoo_put(): <result> undoing done
